<?xml version="1.0" encoding="UTF-8"?>
<testng-results ignored="0" total="1" passed="1" failed="0" skipped="0">
  <reporter-output>
  </reporter-output>
  <suite started-at="2019-01-04T14:21:51Z" name="Default suite" finished-at="2019-01-04T14:22:43Z" duration-ms="51289">
    <groups>
    </groups>
    <test started-at="2019-01-04T14:21:51Z" name="Default test" finished-at="2019-01-04T14:22:43Z" duration-ms="51289">
      <class name="com.ibm.jenkin.com.ibm.jenkin.ApplaunchTest">
        <test-method is-config="true" signature="beforeTest()[pri:0, instance:com.ibm.jenkin.com.ibm.jenkin.ApplaunchTest@2118cddf]" started-at="2019-01-04T14:21:52Z" name="beforeTest" finished-at="2019-01-04T14:22:42Z" duration-ms="50420" status="PASS">
          <reporter-output>
          </reporter-output>
        </test-method> <!-- beforeTest -->
        <test-method signature="f()[pri:0, instance:com.ibm.jenkin.com.ibm.jenkin.ApplaunchTest@2118cddf]" started-at="2019-01-04T14:22:42Z" name="f" finished-at="2019-01-04T14:22:42Z" duration-ms="7" status="PASS">
          <reporter-output>
          </reporter-output>
        </test-method> <!-- f -->
        <test-method is-config="true" signature="afterTest()[pri:0, instance:com.ibm.jenkin.com.ibm.jenkin.ApplaunchTest@2118cddf]" started-at="2019-01-04T14:22:42Z" name="afterTest" finished-at="2019-01-04T14:22:43Z" duration-ms="833" status="PASS">
          <reporter-output>
          </reporter-output>
        </test-method> <!-- afterTest -->
      </class> <!-- com.ibm.jenkin.com.ibm.jenkin.ApplaunchTest -->
    </test> <!-- Default test -->
  </suite> <!-- Default suite -->
</testng-results>
