<?xml version="1.0" encoding="UTF-8"?>
<testng-results ignored="0" total="1" passed="1" failed="0" skipped="0">
  <reporter-output>
  </reporter-output>
  <suite started-at="2019-01-04T11:05:32Z" name="Default suite" finished-at="2019-01-04T11:06:29Z" duration-ms="56436">
    <groups>
    </groups>
    <test started-at="2019-01-04T11:05:32Z" name="Default test" finished-at="2019-01-04T11:06:29Z" duration-ms="56436">
      <class name="com.ibm.jenkin.com.ibm.jenkin.Applaunch">
        <test-method is-config="true" signature="beforeTest()[pri:0, instance:com.ibm.jenkin.com.ibm.jenkin.Applaunch@3d34d211]" started-at="2019-01-04T11:05:32Z" name="beforeTest" finished-at="2019-01-04T11:06:28Z" duration-ms="55436" status="PASS">
          <reporter-output>
          </reporter-output>
        </test-method> <!-- beforeTest -->
        <test-method signature="f()[pri:0, instance:com.ibm.jenkin.com.ibm.jenkin.Applaunch@3d34d211]" started-at="2019-01-04T11:06:28Z" name="f" finished-at="2019-01-04T11:06:28Z" duration-ms="4" status="PASS">
          <reporter-output>
          </reporter-output>
        </test-method> <!-- f -->
        <test-method is-config="true" signature="afterTest()[pri:0, instance:com.ibm.jenkin.com.ibm.jenkin.Applaunch@3d34d211]" started-at="2019-01-04T11:06:28Z" name="afterTest" finished-at="2019-01-04T11:06:29Z" duration-ms="953" status="PASS">
          <reporter-output>
          </reporter-output>
        </test-method> <!-- afterTest -->
      </class> <!-- com.ibm.jenkin.com.ibm.jenkin.Applaunch -->
    </test> <!-- Default test -->
  </suite> <!-- Default suite -->
</testng-results>
